0 info it worked if it ends with ok
1 verbose cli [ '/home/ubuntu/.nvm/versions/node/v6.9.2/bin/node',
1 verbose cli   '/home/ubuntu/.nvm/versions/node/v6.9.2/bin/npm',
1 verbose cli   'i' ]
2 info using npm@3.10.9
3 info using node@v6.9.2
4 silly loadCurrentTree Starting
5 silly install loadCurrentTree
6 silly install readLocalPackageData
7 silly install normalizeTree
8 silly loadCurrentTree Finishing
9 silly loadIdealTree Starting
10 silly install loadIdealTree
11 silly cloneCurrentTree Starting
12 silly install cloneCurrentTreeToIdealTree
13 silly cloneCurrentTree Finishing
14 silly loadShrinkwrap Starting
15 silly install loadShrinkwrap
16 silly loadShrinkwrap Finishing
17 silly loadAllDepsIntoIdealTree Starting
18 silly install loadAllDepsIntoIdealTree
19 silly fetchNamedPackageData @smartface/contx
20 silly mapToRegistry name @smartface/contx
21 silly mapToRegistry scope (from package name) @smartface
22 silly mapToRegistry registry https://registry.npmjs.org
23 silly mapToRegistry data Result {
23 silly mapToRegistry   raw: '@smartface/contx',
23 silly mapToRegistry   scope: '@smartface',
23 silly mapToRegistry   escapedName: '@smartface%2fcontx',
23 silly mapToRegistry   name: '@smartface/contx',
23 silly mapToRegistry   rawSpec: '',
23 silly mapToRegistry   spec: 'latest',
23 silly mapToRegistry   type: 'tag' }
24 silly mapToRegistry uri https://registry.npmjs.org/@smartface%2fcontx
25 verbose request uri https://registry.npmjs.org/@smartface%2fcontx
26 verbose request no auth needed
27 info attempt registry request try #1 at 7:35:31 AM
28 verbose request id b2215ef17538ed18
29 verbose etag W/"5aead8b3-20941"
30 verbose lastModified Thu, 3 May 2018 9:38:59 GMT
31 http request GET https://registry.npmjs.org/@smartface%2fcontx
32 http 304 https://registry.npmjs.org/@smartface%2fcontx
33 verbose headers { date: 'Thu, 31 May 2018 07:35:32 GMT',
33 verbose headers   connection: 'keep-alive',
33 verbose headers   'set-cookie': [ '__cfduid=dd789aff6c2f09e386b0f16fcfcd26fae1527752131; expires=Fri, 31-May-19 07:35:31 GMT; path=/; domain=.registry.npmjs.org; HttpOnly' ],
33 verbose headers   age: '0',
33 verbose headers   'cf-ray': '4237c3a5db047235-AMS',
33 verbose headers   etag: 'W/"5aead8b3-20941"',
33 verbose headers   'expect-ct': 'max-age=604800, report-uri="https://report-uri.cloudflare.com/cdn-cgi/beacon/expect-ct"',
33 verbose headers   'last-modified': 'Thu, 3 May 2018 9:38:59 GMT',
33 verbose headers   vary: 'Accept, Accept-Encoding',
33 verbose headers   via: '1.1 varnish (Varnish/5.2)',
33 verbose headers   'x-varnish': '535590509',
33 verbose headers   server: 'cloudflare' }
34 silly get cb [ 304,
34 silly get   { date: 'Thu, 31 May 2018 07:35:32 GMT',
34 silly get     connection: 'keep-alive',
34 silly get     'set-cookie': [ '__cfduid=dd789aff6c2f09e386b0f16fcfcd26fae1527752131; expires=Fri, 31-May-19 07:35:31 GMT; path=/; domain=.registry.npmjs.org; HttpOnly' ],
34 silly get     age: '0',
34 silly get     'cf-ray': '4237c3a5db047235-AMS',
34 silly get     etag: 'W/"5aead8b3-20941"',
34 silly get     'expect-ct': 'max-age=604800, report-uri="https://report-uri.cloudflare.com/cdn-cgi/beacon/expect-ct"',
34 silly get     'last-modified': 'Thu, 3 May 2018 9:38:59 GMT',
34 silly get     vary: 'Accept, Accept-Encoding',
34 silly get     via: '1.1 varnish (Varnish/5.2)',
34 silly get     'x-varnish': '535590509',
34 silly get     server: 'cloudflare' } ]
35 verbose etag https://registry.npmjs.org/@smartface%2fcontx from cache
36 verbose get saving @smartface/contx to /home/ubuntu/workspace/.npm/registry.npmjs.org/_40smartface_252fcontx/.cache.json
37 verbose correctMkdir /home/ubuntu/workspace/.npm correctMkdir not in flight; initializing
38 silly resolveWithNewModule @smartface/contx@1.3.0 checking installable status
39 silly cache add args [ '@smartface/contx@^1.0.2', null ]
40 verbose cache add spec @smartface/contx@^1.0.2
41 silly cache add parsed spec Result {
41 silly cache add   raw: '@smartface/contx@^1.0.2',
41 silly cache add   scope: '@smartface',
41 silly cache add   escapedName: '@smartface%2fcontx',
41 silly cache add   name: '@smartface/contx',
41 silly cache add   rawSpec: '^1.0.2',
41 silly cache add   spec: '>=1.0.2 <2.0.0',
41 silly cache add   type: 'range' }
42 silly addNamed @smartface/contx@>=1.0.2 <2.0.0
43 verbose addNamed ">=1.0.2 <2.0.0" is a valid semver range for @smartface/contx
44 silly addNameRange { name: '@smartface/contx',
44 silly addNameRange   range: '>=1.0.2 <2.0.0',
44 silly addNameRange   hasData: false }
45 silly mapToRegistry name @smartface/contx
46 silly mapToRegistry scope (from package name) @smartface
47 silly mapToRegistry registry https://registry.npmjs.org
48 silly mapToRegistry data Result {
48 silly mapToRegistry   raw: '@smartface/contx',
48 silly mapToRegistry   scope: '@smartface',
48 silly mapToRegistry   escapedName: '@smartface%2fcontx',
48 silly mapToRegistry   name: '@smartface/contx',
48 silly mapToRegistry   rawSpec: '',
48 silly mapToRegistry   spec: 'latest',
48 silly mapToRegistry   type: 'tag' }
49 silly mapToRegistry uri https://registry.npmjs.org/@smartface%2fcontx
50 verbose addNameRange registry:https://registry.npmjs.org/@smartface%2fcontx not in flight; fetching
51 verbose get https://registry.npmjs.org/@smartface%2fcontx not expired, no request
52 silly addNameRange number 2 { name: '@smartface/contx',
52 silly addNameRange   range: '>=1.0.2 <2.0.0',
52 silly addNameRange   hasData: true }
53 silly addNameRange versions [ '@smartface/contx',
53 silly addNameRange   [ '1.0.0-rc.2',
53 silly addNameRange     '1.0.0-rc.3',
53 silly addNameRange     '1.0.0-rc.4',
53 silly addNameRange     '1.0.0-rc.5',
53 silly addNameRange     '1.0.0-rc.6',
53 silly addNameRange     '1.0.0-rc.7',
53 silly addNameRange     '1.0.0-rc.8',
53 silly addNameRange     '1.0.0-rc.9',
53 silly addNameRange     '1.0.0-rc.10',
53 silly addNameRange     '1.0.0-rc.11',
53 silly addNameRange     '1.0.0-rc.12',
53 silly addNameRange     '1.0.0-rc.13',
53 silly addNameRange     '1.0.0-rc.14',
53 silly addNameRange     '1.0.0-rc.15',
53 silly addNameRange     '1.0.0-rc.16',
53 silly addNameRange     '1.0.0-rc.17',
53 silly addNameRange     '1.0.0-rc.18',
53 silly addNameRange     '1.0.0-rc.19',
53 silly addNameRange     '1.0.0',
53 silly addNameRange     '1.0.1',
53 silly addNameRange     '1.0.2',
53 silly addNameRange     '1.0.3',
53 silly addNameRange     '1.0.4',
53 silly addNameRange     '1.0.5',
53 silly addNameRange     '1.0.6',
53 silly addNameRange     '1.0.7',
53 silly addNameRange     '1.0.8',
53 silly addNameRange     '1.0.9',
53 silly addNameRange     '1.0.10',
53 silly addNameRange     '1.0.11',
53 silly addNameRange     '1.0.12',
53 silly addNameRange     '1.0.13',
53 silly addNameRange     '1.1.0',
53 silly addNameRange     '1.1.1',
53 silly addNameRange     '1.1.2',
53 silly addNameRange     '1.2.0',
53 silly addNameRange     '1.3.0-rc.1',
53 silly addNameRange     '1.3.0-rc.2',
53 silly addNameRange     '1.3.0-rc.3',
53 silly addNameRange     '1.3.0' ] ]
54 silly addNamed @smartface/contx@1.3.0
55 verbose addNamed "1.3.0" is a plain semver version for @smartface/contx
56 silly cache afterAdd @smartface/contx@1.3.0
57 verbose afterAdd /home/ubuntu/workspace/.npm/@smartface/contx/1.3.0/package/package.json not in flight; writing
58 verbose correctMkdir /home/ubuntu/workspace/.npm correctMkdir not in flight; initializing
59 verbose afterAdd /home/ubuntu/workspace/.npm/@smartface/contx/1.3.0/package/package.json written
60 silly loadAllDepsIntoIdealTree Finishing
61 silly loadIdealTree Finishing
62 silly currentTree scripts
62 silly currentTree ├── @smartface/styler@1.3.15
62 silly currentTree ├─┬ chai@4.1.2
62 silly currentTree │ ├── assertion-error@1.1.0
62 silly currentTree │ ├── check-error@1.0.2
62 silly currentTree │ ├── deep-eql@3.0.1
62 silly currentTree │ ├── get-func-name@2.0.0
62 silly currentTree │ ├── pathval@1.1.0
62 silly currentTree │ └── type-detect@4.0.8
62 silly currentTree ├── filtrex@0.5.4
62 silly currentTree ├── js-base@1.0.4
62 silly currentTree ├── library@1.0.0
62 silly currentTree ├─┬ mixin-deep@1.3.1
62 silly currentTree │ ├── for-in@1.0.2
62 silly currentTree │ └─┬ is-extendable@1.0.1
62 silly currentTree │   └─┬ is-plain-object@2.0.4
62 silly currentTree │     └── isobject@3.0.1
62 silly currentTree ├── npm-debug.log
62 silly currentTree ├── sf-core@3.0.0
62 silly currentTree ├── sf-core@3.0.1-alpha.25
62 silly currentTree ├── sf-extension-mcs@4.1.0
62 silly currentTree ├── sf-extension-oracle-jet@1.2.0
62 silly currentTree ├── sf-extension-utils@3.2.5
62 silly currentTree ├── sf-plugin-fabric@1.0.3
62 silly currentTree ├── sf-plugin-instabug@1.0.1
62 silly currentTree └── vanilla-masker@1.2.0
63 silly idealTree scripts
63 silly idealTree ├── @smartface/contx@1.3.0
63 silly idealTree ├── @smartface/styler@1.3.15
63 silly idealTree ├─┬ chai@4.1.2
63 silly idealTree │ ├── assertion-error@1.1.0
63 silly idealTree │ ├── check-error@1.0.2
63 silly idealTree │ ├── deep-eql@3.0.1
63 silly idealTree │ ├── get-func-name@2.0.0
63 silly idealTree │ ├── pathval@1.1.0
63 silly idealTree │ └── type-detect@4.0.8
63 silly idealTree ├── filtrex@0.5.4
63 silly idealTree ├── js-base@1.0.4
63 silly idealTree ├── library@1.0.0
63 silly idealTree ├─┬ mixin-deep@1.3.1
63 silly idealTree │ ├── for-in@1.0.2
63 silly idealTree │ └─┬ is-extendable@1.0.1
63 silly idealTree │   └─┬ is-plain-object@2.0.4
63 silly idealTree │     └── isobject@3.0.1
63 silly idealTree ├── npm-debug.log
63 silly idealTree ├── sf-core@3.0.0
63 silly idealTree ├── sf-core@3.0.1-alpha.25
63 silly idealTree ├── sf-extension-mcs@4.1.0
63 silly idealTree ├── sf-extension-oracle-jet@1.2.0
63 silly idealTree ├── sf-extension-utils@3.2.5
63 silly idealTree ├── sf-plugin-fabric@1.0.3
63 silly idealTree ├── sf-plugin-instabug@1.0.1
63 silly idealTree └── vanilla-masker@1.2.0
64 silly generateActionsToTake Starting
65 silly install generateActionsToTake
66 silly rollbackFailedOptional Starting
67 silly rollbackFailedOptional Finishing
68 silly runTopLevelLifecycles Finishing
69 silly install printInstalled
70 verbose stack Error: /home/ubuntu/workspace/scripts/node_modules/sf-core: Appears to be a git repo or submodule.
70 verbose stack     at /home/ubuntu/.nvm/versions/node/v6.9.2/lib/node_modules/npm/node_modules/npm-install-checks/index.js:137:15
70 verbose stack     at /home/ubuntu/.nvm/versions/node/v6.9.2/lib/node_modules/npm/node_modules/graceful-fs/polyfills.js:267:18
70 verbose stack     at FSReqWrap.oncomplete (fs.js:123:15)
71 verbose cwd /home/ubuntu/workspace/scripts
72 error Linux 4.4.0-75-generic
73 error argv "/home/ubuntu/.nvm/versions/node/v6.9.2/bin/node" "/home/ubuntu/.nvm/versions/node/v6.9.2/bin/npm" "i"
74 error node v6.9.2
75 error npm  v3.10.9
76 error path /home/ubuntu/workspace/scripts/node_modules/sf-core
77 error code EISGIT
78 error git /home/ubuntu/workspace/scripts/node_modules/sf-core: Appears to be a git repo or submodule.
79 error git /home/ubuntu/workspace/scripts/node_modules/sf-core
80 error git Refusing to remove it. Update manually,
80 error git or move it out of the way first.
81 verbose exit [ 1, true ]
